{"/Users/macuser/Coding/Development/Challenges/svg_builder_pro/test/shapeCL.js": {"path":"/Users/macuser/Coding/Development/Challenges/svg_builder_pro/test/shapeCL.js","statementMap":{"0":{"start":{"line":5,"column":8},"end":{"line":5,"column":26}},"1":{"start":{"line":11,"column":8},"end":{"line":11,"column":100}},"2":{"start":{"line":16,"column":8},"end":{"line":16,"column":102}},"3":{"start":{"line":21,"column":8},"end":{"line":21,"column":86}},"4":{"start":{"line":26,"column":8},"end":{"line":26,"column":106}},"5":{"start":{"line":30,"column":0},"end":{"line":30,"column":53}}},"fnMap":{"0":{"name":"(anonymous_0)","decl":{"start":{"line":2,"column":4},"end":{"line":2,"column":5}},"loc":{"start":{"line":2,"column":22},"end":{"line":7,"column":5}},"line":2},"1":{"name":"(anonymous_1)","decl":{"start":{"line":10,"column":4},"end":{"line":10,"column":5}},"loc":{"start":{"line":10,"column":13},"end":{"line":12,"column":5}},"line":10},"2":{"name":"(anonymous_2)","decl":{"start":{"line":15,"column":4},"end":{"line":15,"column":5}},"loc":{"start":{"line":15,"column":13},"end":{"line":17,"column":5}},"line":15},"3":{"name":"(anonymous_3)","decl":{"start":{"line":20,"column":4},"end":{"line":20,"column":5}},"loc":{"start":{"line":20,"column":13},"end":{"line":22,"column":5}},"line":20},"4":{"name":"(anonymous_4)","decl":{"start":{"line":25,"column":4},"end":{"line":25,"column":5}},"loc":{"start":{"line":25,"column":13},"end":{"line":27,"column":5}},"line":25}},"branchMap":{},"s":{"0":4,"1":1,"2":1,"3":1,"4":1,"5":1},"f":{"0":4,"1":1,"2":1,"3":1,"4":1},"b":{},"_coverageSchema":"1a1c01bbd47fc00a2c39e90264f33305004495a9","hash":"c65f54a7cf860810be35be0fa99fe8ca13ac7822"}
}
